2019-11-13 11:34:03,261 INFO (StartupInfoLogger.java:55)- Starting AutotestApplication on zhangjiedeMacBook-Pro.local with PID 63873 (/Users/zhangjie/Desktop/JavaWork/autotest/target/classes started by zhangjie in /Users/zhangjie/Desktop/JavaWork/autotest)
2019-11-13 11:34:03,264 DEBUG (StartupInfoLogger.java:56)- Running with Spring Boot v2.2.1.RELEASE, Spring v5.2.1.RELEASE
2019-11-13 11:34:03,305 INFO (SpringApplication.java:655)- The following profiles are active: dev
2019-11-13 11:34:05,180 INFO (StartupInfoLogger.java:61)- Started AutotestApplication in 2.414 seconds (JVM running for 3.116)
2019-11-13 11:35:02,642 INFO (StartupInfoLogger.java:55)- Starting AutotestApplication on zhangjiedeMacBook-Pro.local with PID 63877 (/Users/zhangjie/Desktop/JavaWork/autotest/target/classes started by zhangjie in /Users/zhangjie/Desktop/JavaWork/autotest)
2019-11-13 11:35:02,645 DEBUG (StartupInfoLogger.java:56)- Running with Spring Boot v2.2.1.RELEASE, Spring v5.2.1.RELEASE
2019-11-13 11:35:02,645 INFO (SpringApplication.java:655)- The following profiles are active: dev
2019-11-13 11:35:04,597 INFO (StartupInfoLogger.java:61)- Started AutotestApplication in 2.379 seconds (JVM running for 2.886)
2019-11-13 11:36:05,064 INFO (StartupInfoLogger.java:55)- Starting AutotestApplication on zhangjiedeMacBook-Pro.local with PID 63881 (/Users/zhangjie/Desktop/JavaWork/autotest/target/classes started by zhangjie in /Users/zhangjie/Desktop/JavaWork/autotest)
2019-11-13 11:36:05,069 DEBUG (StartupInfoLogger.java:56)- Running with Spring Boot v2.2.1.RELEASE, Spring v5.2.1.RELEASE
2019-11-13 11:36:05,069 INFO (SpringApplication.java:655)- The following profiles are active: dev
2019-11-13 11:36:06,976 INFO (StartupInfoLogger.java:61)- Started AutotestApplication in 2.349 seconds (JVM running for 3.027)
2019-11-13 11:37:16,727 INFO (StartupInfoLogger.java:55)- Starting AutotestApplication on zhangjiedeMacBook-Pro.local with PID 63885 (/Users/zhangjie/Desktop/JavaWork/autotest/target/classes started by zhangjie in /Users/zhangjie/Desktop/JavaWork/autotest)
2019-11-13 11:37:16,730 DEBUG (StartupInfoLogger.java:56)- Running with Spring Boot v2.2.1.RELEASE, Spring v5.2.1.RELEASE
2019-11-13 11:37:16,731 INFO (SpringApplication.java:655)- The following profiles are active: dev
2019-11-13 11:37:18,573 INFO (StartupInfoLogger.java:61)- Started AutotestApplication in 2.252 seconds (JVM running for 2.759)
2019-11-13 11:48:43,934 INFO (StartupInfoLogger.java:55)- Starting AutotestApplication on zhangjiedeMacBook-Pro.local with PID 63912 (/Users/zhangjie/Desktop/JavaWork/autotest/target/classes started by zhangjie in /Users/zhangjie/Desktop/JavaWork/autotest)
2019-11-13 11:48:43,937 DEBUG (StartupInfoLogger.java:56)- Running with Spring Boot v2.2.1.RELEASE, Spring v5.2.1.RELEASE
2019-11-13 11:48:43,937 INFO (SpringApplication.java:655)- The following profiles are active: dev
2019-11-13 11:48:45,716 INFO (StartupInfoLogger.java:61)- Started AutotestApplication in 2.196 seconds (JVM running for 2.886)
2019-11-13 12:07:03,986 INFO (StartupInfoLogger.java:55)- Starting AutotestApplication on zhangjiedeMacBook-Pro.local with PID 63930 (/Users/zhangjie/Desktop/JavaWork/autotest/target/classes started by zhangjie in /Users/zhangjie/Desktop/JavaWork/autotest)
2019-11-13 12:07:03,990 DEBUG (StartupInfoLogger.java:56)- Running with Spring Boot v2.2.1.RELEASE, Spring v5.2.1.RELEASE
2019-11-13 12:07:03,990 INFO (SpringApplication.java:655)- The following profiles are active: dev
2019-11-13 12:07:06,039 INFO (StartupInfoLogger.java:61)- Started AutotestApplication in 2.524 seconds (JVM running for 3.301)
2019-11-13 14:50:35,940 INFO (StartupInfoLogger.java:55)- Starting AutotestApplication on zhangjiedeMacBook-Pro.local with PID 64174 (/Users/zhangjie/Desktop/JavaWork/autotest/target/classes started by zhangjie in /Users/zhangjie/Desktop/JavaWork/autotest)
2019-11-13 14:50:35,945 DEBUG (StartupInfoLogger.java:56)- Running with Spring Boot v2.2.1.RELEASE, Spring v5.2.1.RELEASE
2019-11-13 14:50:35,946 INFO (SpringApplication.java:655)- The following profiles are active: dev
2019-11-13 14:52:10,125 INFO (StartupInfoLogger.java:55)- Starting AutotestApplication on zhangjiedeMacBook-Pro.local with PID 64177 (/Users/zhangjie/Desktop/JavaWork/autotest/target/classes started by zhangjie in /Users/zhangjie/Desktop/JavaWork/autotest)
2019-11-13 14:52:10,129 DEBUG (StartupInfoLogger.java:56)- Running with Spring Boot v2.2.1.RELEASE, Spring v5.2.1.RELEASE
2019-11-13 14:52:10,129 INFO (SpringApplication.java:655)- The following profiles are active: dev
2019-11-13 14:52:13,554 INFO (StartupInfoLogger.java:61)- Started AutotestApplication in 3.847 seconds (JVM running for 4.368)
2019-11-13 14:52:13,556 INFO (InitRoleDataTask.java:27)- START: 初始化导入角色、权限到Redis
2019-11-13 14:53:59,716 INFO (StartupInfoLogger.java:55)- Starting AutotestApplication on zhangjiedeMacBook-Pro.local with PID 64182 (/Users/zhangjie/Desktop/JavaWork/autotest/target/classes started by zhangjie in /Users/zhangjie/Desktop/JavaWork/autotest)
2019-11-13 14:53:59,719 DEBUG (StartupInfoLogger.java:56)- Running with Spring Boot v2.2.1.RELEASE, Spring v5.2.1.RELEASE
2019-11-13 14:53:59,719 INFO (SpringApplication.java:655)- The following profiles are active: dev
2019-11-13 14:54:03,009 INFO (StartupInfoLogger.java:61)- Started AutotestApplication in 3.742 seconds (JVM running for 4.528)
2019-11-13 14:54:03,010 INFO (InitRoleDataTask.java:27)- START: 初始化导入角色、权限到Redis
2019-11-13 14:54:03,274 DEBUG (BaseJdbcLogger.java:159)- ==>  Preparing: SELECT role.* FROM role WHERE role.status <> '0' 
2019-11-13 14:54:03,302 DEBUG (BaseJdbcLogger.java:159)- ==> Parameters: 
2019-11-13 14:54:03,335 DEBUG (BaseJdbcLogger.java:159)- <==      Total: 0
2019-11-13 14:54:03,337 INFO (InitRoleDataTask.java:35)- END: 初始化导入角色、权限到Redis
2019-11-13 14:56:05,678 INFO (StartupInfoLogger.java:55)- Starting AutotestApplication on zhangjiedeMacBook-Pro.local with PID 64189 (/Users/zhangjie/Desktop/JavaWork/autotest/target/classes started by zhangjie in /Users/zhangjie/Desktop/JavaWork/autotest)
2019-11-13 14:56:05,682 DEBUG (StartupInfoLogger.java:56)- Running with Spring Boot v2.2.1.RELEASE, Spring v5.2.1.RELEASE
2019-11-13 14:56:05,683 INFO (SpringApplication.java:655)- The following profiles are active: dev
2019-11-13 14:56:08,948 INFO (StartupInfoLogger.java:61)- Started AutotestApplication in 3.745 seconds (JVM running for 4.496)
2019-11-13 14:56:08,949 INFO (InitRoleDataTask.java:27)- START: 初始化导入角色、权限到Redis
2019-11-13 14:56:09,183 DEBUG (BaseJdbcLogger.java:159)- ==>  Preparing: SELECT role.* FROM role WHERE role.status <> '0' 
2019-11-13 14:56:09,204 DEBUG (BaseJdbcLogger.java:159)- ==> Parameters: 
2019-11-13 14:56:09,224 DEBUG (BaseJdbcLogger.java:159)- <==      Total: 0
2019-11-13 14:56:09,225 INFO (InitRoleDataTask.java:35)- END: 初始化导入角色、权限到Redis
2019-11-13 14:57:21,050 DEBUG (BaseJdbcLogger.java:159)- ==>  Preparing: SELECT id,status,create_date,update_date,username,password,nickname,realname,avatar,gender FROM user WHERE username = ? AND password = ? AND status = ? 
2019-11-13 14:57:21,052 DEBUG (BaseJdbcLogger.java:159)- ==> Parameters: admin(String), admin(String), 1(Integer)
2019-11-13 14:57:21,057 DEBUG (BaseJdbcLogger.java:159)- <==      Total: 0
2019-11-13 14:57:24,004 DEBUG (BaseJdbcLogger.java:159)- ==>  Preparing: SELECT id,status,create_date,update_date,username,password,nickname,realname,avatar,gender FROM user WHERE username = ? AND password = ? AND status = ? 
2019-11-13 14:57:24,005 DEBUG (BaseJdbcLogger.java:159)- ==> Parameters: admin(String), admin(String), 1(Integer)
2019-11-13 14:57:24,007 DEBUG (BaseJdbcLogger.java:159)- <==      Total: 0
2019-11-13 15:11:31,853 INFO (StartupInfoLogger.java:55)- Starting AutotestApplication on zhangjiedeMacBook-Pro.local with PID 64207 (/Users/zhangjie/Desktop/JavaWork/autotest/target/classes started by zhangjie in /Users/zhangjie/Desktop/JavaWork/autotest)
2019-11-13 15:11:31,856 DEBUG (StartupInfoLogger.java:56)- Running with Spring Boot v2.2.1.RELEASE, Spring v5.2.1.RELEASE
2019-11-13 15:11:31,857 INFO (SpringApplication.java:655)- The following profiles are active: dev
2019-11-13 15:11:35,162 INFO (StartupInfoLogger.java:61)- Started AutotestApplication in 3.73 seconds (JVM running for 4.42)
2019-11-13 15:11:35,164 INFO (InitDataTask.java:39)- START: 初始化管理员账号信息(不存在的情况下创建)
2019-11-13 15:11:35,228 DEBUG (BaseJdbcLogger.java:159)- ==>  Preparing: SELECT COUNT( 1 ) FROM user WHERE username = ? AND status = ? 
2019-11-13 15:11:35,252 DEBUG (BaseJdbcLogger.java:159)- ==> Parameters: admin(String), 1(Integer)
2019-11-13 15:11:35,287 DEBUG (BaseJdbcLogger.java:159)- <==      Total: 1
2019-11-13 15:11:35,291 DEBUG (BaseJdbcLogger.java:159)- ==>  Preparing: INSERT INTO user ( id, username, password, realname, avatar, gender ) VALUES ( ?, ?, ?, ?, ?, ? ) 
2019-11-13 15:11:35,292 DEBUG (BaseJdbcLogger.java:159)- ==> Parameters: 9332133744869376(String), admin(String), 21232F297A57A5A743894A0E4A801FC3(String), (String), (String), 1(Integer)
2019-11-13 15:11:35,296 DEBUG (BaseJdbcLogger.java:159)- <==    Updates: 1
2019-11-13 15:11:35,297 INFO (InitDataTask.java:42)- END: 创建admin/admin账号成功
2019-11-13 15:11:35,297 INFO (InitDataTask.java:46)- START: 初始化导入角色、权限到Redis
2019-11-13 15:11:35,531 DEBUG (BaseJdbcLogger.java:159)- ==>  Preparing: SELECT role.* FROM role WHERE role.status <> '0' 
2019-11-13 15:11:35,532 DEBUG (BaseJdbcLogger.java:159)- ==> Parameters: 
2019-11-13 15:11:35,533 DEBUG (BaseJdbcLogger.java:159)- <==      Total: 0
2019-11-13 15:11:35,534 INFO (InitDataTask.java:54)- END: 初始化导入角色、权限到Redis
2019-11-13 15:11:47,099 DEBUG (BaseJdbcLogger.java:159)- ==>  Preparing: SELECT id,status,create_date,update_date,username,password,nickname,realname,avatar,gender FROM user WHERE username = ? AND password = ? AND status = ? 
2019-11-13 15:11:47,100 DEBUG (BaseJdbcLogger.java:159)- ==> Parameters: admin(String), 21232F297A57A5A743894A0E4A801FC3(String), 1(Integer)
2019-11-13 15:11:47,104 DEBUG (BaseJdbcLogger.java:159)- <==      Total: 1
2019-11-13 15:11:47,105 DEBUG (BaseJdbcLogger.java:159)- ==>  Preparing: SELECT role.* FROM role INNER JOIN user_role on user_role.role_id=role.id and user_role.user_id=? WHERE role.status <> '0' 
2019-11-13 15:11:47,106 DEBUG (BaseJdbcLogger.java:159)- ==> Parameters: 9332133744869376(String)
2019-11-13 15:11:47,108 DEBUG (BaseJdbcLogger.java:159)- <==      Total: 0
2019-11-13 15:13:38,749 INFO (StartupInfoLogger.java:55)- Starting AutotestApplication on zhangjiedeMacBook-Pro.local with PID 64228 (/Users/zhangjie/Desktop/JavaWork/autotest/target/classes started by zhangjie in /Users/zhangjie/Desktop/JavaWork/autotest)
2019-11-13 15:13:38,761 DEBUG (StartupInfoLogger.java:56)- Running with Spring Boot v2.2.1.RELEASE, Spring v5.2.1.RELEASE
2019-11-13 15:13:38,761 INFO (SpringApplication.java:655)- The following profiles are active: dev
2019-11-13 15:13:41,882 INFO (StartupInfoLogger.java:61)- Started AutotestApplication in 3.558 seconds (JVM running for 4.337)
2019-11-13 15:13:41,884 INFO (InitDataTask.java:39)- START: 初始化管理员账号信息(不存在的情况下创建)
2019-11-13 15:13:41,940 DEBUG (BaseJdbcLogger.java:159)- ==>  Preparing: SELECT COUNT( 1 ) FROM user WHERE username = ? AND status = ? 
2019-11-13 15:13:41,965 DEBUG (BaseJdbcLogger.java:159)- ==> Parameters: admin(String), 1(Integer)
2019-11-13 15:13:41,986 DEBUG (BaseJdbcLogger.java:159)- <==      Total: 1
2019-11-13 15:13:41,987 INFO (InitDataTask.java:42)- END: 已存在管理员账号，忽略
2019-11-13 15:13:41,987 INFO (InitDataTask.java:46)- START: 初始化导入角色、权限到Redis
2019-11-13 15:13:42,226 DEBUG (BaseJdbcLogger.java:159)- ==>  Preparing: SELECT role.* FROM role WHERE role.status <> '0' 
2019-11-13 15:13:42,227 DEBUG (BaseJdbcLogger.java:159)- ==> Parameters: 
2019-11-13 15:13:42,228 DEBUG (BaseJdbcLogger.java:159)- <==      Total: 0
2019-11-13 15:13:42,228 INFO (InitDataTask.java:54)- END: 初始化导入角色、权限到Redis
2019-11-13 15:14:28,313 DEBUG (BaseJdbcLogger.java:159)- ==>  Preparing: SELECT id,status,create_date,update_date,username,password,nickname,realname,avatar,gender FROM user WHERE username = ? AND password = ? AND status = ? 
2019-11-13 15:14:28,314 DEBUG (BaseJdbcLogger.java:159)- ==> Parameters: admin(String), 21232F297A57A5A743894A0E4A801FC3(String), 1(Integer)
2019-11-13 15:14:28,318 DEBUG (BaseJdbcLogger.java:159)- <==      Total: 1
2019-11-13 15:14:28,320 DEBUG (BaseJdbcLogger.java:159)- ==>  Preparing: SELECT role.* FROM role INNER JOIN user_role on user_role.role_id=role.id and user_role.user_id=? WHERE role.status <> '0' 
2019-11-13 15:14:28,321 DEBUG (BaseJdbcLogger.java:159)- ==> Parameters: 9332133744869376(String)
2019-11-13 15:14:28,323 DEBUG (BaseJdbcLogger.java:159)- <==      Total: 0
2019-11-13 15:16:31,260 DEBUG (BaseJdbcLogger.java:159)- ==>  Preparing: SELECT COUNT( 1 ) FROM user WHERE username = ? AND status = ? 
2019-11-13 15:16:31,261 DEBUG (BaseJdbcLogger.java:159)- ==> Parameters: test(String), 1(Integer)
2019-11-13 15:16:31,262 DEBUG (BaseJdbcLogger.java:159)- <==      Total: 1
2019-11-13 15:16:31,264 DEBUG (BaseJdbcLogger.java:159)- ==>  Preparing: INSERT INTO user ( id, username, password, nickname, realname, avatar ) VALUES ( ?, ?, ?, ?, ?, ? ) 
2019-11-13 15:16:31,265 DEBUG (BaseJdbcLogger.java:159)- ==> Parameters: 9332143443312640(String), test(String), 098F6BCD4621D373CADE4E832627B4F6(String), (String), (String), (String)
2019-11-13 15:16:31,269 DEBUG (BaseJdbcLogger.java:159)- <==    Updates: 1
2019-11-13 15:25:01,947 INFO (StartupInfoLogger.java:55)- Starting AutotestApplication on zhangjiedeMacBook-Pro.local with PID 64237 (/Users/zhangjie/Desktop/JavaWork/autotest/target/classes started by zhangjie in /Users/zhangjie/Desktop/JavaWork/autotest)
2019-11-13 15:25:01,950 DEBUG (StartupInfoLogger.java:56)- Running with Spring Boot v2.2.1.RELEASE, Spring v5.2.1.RELEASE
2019-11-13 15:25:01,950 INFO (SpringApplication.java:655)- The following profiles are active: dev
2019-11-13 15:25:04,951 INFO (StartupInfoLogger.java:61)- Started AutotestApplication in 3.397 seconds (JVM running for 4.116)
2019-11-13 15:25:04,952 INFO (InitDataTask.java:39)- START: 初始化管理员账号信息(不存在的情况下创建)
2019-11-13 15:25:05,008 DEBUG (BaseJdbcLogger.java:159)- ==>  Preparing: SELECT COUNT( 1 ) FROM user WHERE username = ? AND status = ? 
2019-11-13 15:25:05,032 DEBUG (BaseJdbcLogger.java:159)- ==> Parameters: admin(String), 1(Integer)
2019-11-13 15:25:05,053 DEBUG (BaseJdbcLogger.java:159)- <==      Total: 1
2019-11-13 15:25:05,054 INFO (InitDataTask.java:46)- END: 已存在管理员账号，忽略
2019-11-13 15:25:05,055 INFO (InitDataTask.java:50)- START: 初始化导入角色、权限到Redis
2019-11-13 15:25:05,329 DEBUG (BaseJdbcLogger.java:159)- ==>  Preparing: SELECT role.* FROM role WHERE role.status <> '0' 
2019-11-13 15:25:05,329 DEBUG (BaseJdbcLogger.java:159)- ==> Parameters: 
2019-11-13 15:25:05,331 DEBUG (BaseJdbcLogger.java:159)- <==      Total: 0
2019-11-13 15:25:05,331 INFO (InitDataTask.java:58)- END: 初始化导入角色、权限到Redis
2019-11-13 15:26:01,994 INFO (StartupInfoLogger.java:55)- Starting AutotestApplication on zhangjiedeMacBook-Pro.local with PID 64242 (/Users/zhangjie/Desktop/JavaWork/autotest/target/classes started by zhangjie in /Users/zhangjie/Desktop/JavaWork/autotest)
2019-11-13 15:26:01,997 DEBUG (StartupInfoLogger.java:56)- Running with Spring Boot v2.2.1.RELEASE, Spring v5.2.1.RELEASE
2019-11-13 15:26:01,998 INFO (SpringApplication.java:655)- The following profiles are active: dev
2019-11-13 15:26:05,115 INFO (StartupInfoLogger.java:61)- Started AutotestApplication in 3.559 seconds (JVM running for 4.076)
2019-11-13 15:26:05,117 INFO (InitDataTask.java:39)- START: 初始化管理员账号信息(不存在的情况下创建)
2019-11-13 15:26:05,174 DEBUG (BaseJdbcLogger.java:159)- ==>  Preparing: SELECT COUNT( 1 ) FROM user WHERE username = ? AND status = ? 
2019-11-13 15:26:05,204 DEBUG (BaseJdbcLogger.java:159)- ==> Parameters: admin(String), 1(Integer)
2019-11-13 15:26:05,225 DEBUG (BaseJdbcLogger.java:159)- <==      Total: 1
2019-11-13 15:26:05,230 DEBUG (BaseJdbcLogger.java:159)- ==>  Preparing: INSERT INTO user ( id, username, password, realname, avatar, gender ) VALUES ( ?, ?, ?, ?, ?, ? ) 
2019-11-13 15:26:05,231 DEBUG (BaseJdbcLogger.java:159)- ==> Parameters: 9332162250997760(String), admin(String), 21232F297A57A5A743894A0E4A801FC3(String), (String), (String), 1(Integer)
2019-11-13 15:26:05,234 DEBUG (BaseJdbcLogger.java:159)- <==    Updates: 1
2019-11-13 15:26:05,241 DEBUG (BaseJdbcLogger.java:159)- ==>  Preparing: INSERT INTO role ( id, name, code ) VALUES ( ?, ?, ? ) 
2019-11-13 15:26:05,241 DEBUG (BaseJdbcLogger.java:159)- ==> Parameters: 9332162251423744(String), 管理员(String), admin(String)
2019-11-13 15:26:05,245 DEBUG (BaseJdbcLogger.java:159)- <==    Updates: 1
2019-11-13 15:26:05,247 DEBUG (BaseJdbcLogger.java:159)- ==>  Preparing: SELECT COUNT( 1 ) FROM user_role WHERE user_id = ? AND role_id = ? 
2019-11-13 15:26:05,247 DEBUG (BaseJdbcLogger.java:159)- ==> Parameters: 9332162250997760(String), 9332162251423744(String)
2019-11-13 15:26:05,248 DEBUG (BaseJdbcLogger.java:159)- <==      Total: 1
2019-11-13 15:26:05,250 DEBUG (BaseJdbcLogger.java:159)- ==>  Preparing: INSERT INTO user_role ( id, user_id, role_id ) VALUES ( ?, ?, ? ) 
2019-11-13 15:26:05,250 DEBUG (BaseJdbcLogger.java:159)- ==> Parameters: 9332162251718656(String), 9332162250997760(String), 9332162251423744(String)
2019-11-13 15:26:05,252 DEBUG (BaseJdbcLogger.java:159)- <==    Updates: 1
2019-11-13 15:26:05,252 INFO (InitDataTask.java:46)- END: 创建admin/admin账号成功
2019-11-13 15:26:05,252 INFO (InitDataTask.java:50)- START: 初始化导入角色、权限到Redis
2019-11-13 15:26:05,493 DEBUG (BaseJdbcLogger.java:159)- ==>  Preparing: SELECT role.* FROM role WHERE role.status <> '0' 
2019-11-13 15:26:05,494 DEBUG (BaseJdbcLogger.java:159)- ==> Parameters: 
2019-11-13 15:26:05,498 DEBUG (BaseJdbcLogger.java:159)- <==      Total: 1
2019-11-13 15:26:05,499 DEBUG (BaseJdbcLogger.java:159)- ==>  Preparing: SELECT power.* from power INNER JOIN role_power on role_power.power_id=power.id and role_power.status='1' and role_power.role_id=? 
2019-11-13 15:26:05,499 DEBUG (BaseJdbcLogger.java:159)- ==> Parameters: 9332162251423744(String)
2019-11-13 15:26:05,500 DEBUG (BaseJdbcLogger.java:159)- <==      Total: 0
2019-11-13 15:26:05,501 INFO (InitDataTask.java:58)- END: 初始化导入角色、权限到Redis
2019-11-13 15:26:30,805 DEBUG (BaseJdbcLogger.java:159)- ==>  Preparing: SELECT id,status,create_date,update_date,username,password,nickname,realname,avatar,gender FROM user WHERE username = ? AND password = ? AND status = ? 
2019-11-13 15:26:30,807 DEBUG (BaseJdbcLogger.java:159)- ==> Parameters: admin(String), 21232F297A57A5A743894A0E4A801FC3(String), 1(Integer)
2019-11-13 15:26:30,809 DEBUG (BaseJdbcLogger.java:159)- <==      Total: 1
2019-11-13 15:26:30,810 DEBUG (BaseJdbcLogger.java:159)- ==>  Preparing: SELECT role.* FROM role INNER JOIN user_role on user_role.role_id=role.id and user_role.user_id=? WHERE role.status <> '0' 
2019-11-13 15:26:30,811 DEBUG (BaseJdbcLogger.java:159)- ==> Parameters: 9332162250997760(String)
2019-11-13 15:26:30,812 DEBUG (BaseJdbcLogger.java:159)- <==      Total: 1
2019-11-13 15:31:35,741 INFO (StartupInfoLogger.java:55)- Starting AutotestApplication on zhangjiedeMacBook-Pro.local with PID 64260 (/Users/zhangjie/Desktop/JavaWork/autotest/target/classes started by zhangjie in /Users/zhangjie/Desktop/JavaWork/autotest)
2019-11-13 15:31:35,744 DEBUG (StartupInfoLogger.java:56)- Running with Spring Boot v2.2.1.RELEASE, Spring v5.2.1.RELEASE
2019-11-13 15:31:35,745 INFO (SpringApplication.java:655)- The following profiles are active: dev
2019-11-13 15:31:39,104 INFO (StartupInfoLogger.java:61)- Started AutotestApplication in 3.871 seconds (JVM running for 4.507)
2019-11-13 15:31:39,105 INFO (InitDataTask.java:41)- START: 初始化管理员账号信息(不存在的情况下创建)
2019-11-13 15:31:39,162 DEBUG (BaseJdbcLogger.java:159)- ==>  Preparing: SELECT COUNT( 1 ) FROM user WHERE username = ? AND status = ? 
2019-11-13 15:31:39,185 DEBUG (BaseJdbcLogger.java:159)- ==> Parameters: admin(String), 1(Integer)
2019-11-13 15:31:39,206 DEBUG (BaseJdbcLogger.java:159)- <==      Total: 1
2019-11-13 15:31:39,207 INFO (InitDataTask.java:48)- END: 已存在管理员账号，忽略
2019-11-13 15:31:39,207 INFO (InitDataTask.java:52)- START: 初始化导入角色、权限到Redis
2019-11-13 15:31:39,420 DEBUG (BaseJdbcLogger.java:159)- ==>  Preparing: SELECT role.* FROM role WHERE role.status <> '0' 
2019-11-13 15:31:39,421 DEBUG (BaseJdbcLogger.java:159)- ==> Parameters: 
2019-11-13 15:31:39,425 DEBUG (BaseJdbcLogger.java:159)- <==      Total: 1
2019-11-13 15:31:39,426 DEBUG (BaseJdbcLogger.java:159)- ==>  Preparing: SELECT power.* from power INNER JOIN role_power on role_power.power_id=power.id and role_power.status='1' and role_power.role_id=? 
2019-11-13 15:31:39,427 DEBUG (BaseJdbcLogger.java:159)- ==> Parameters: 9332162251423744(String)
2019-11-13 15:31:39,428 DEBUG (BaseJdbcLogger.java:159)- <==      Total: 0
2019-11-13 15:31:39,429 INFO (InitDataTask.java:60)- END: 初始化导入角色、权限到Redis
2019-11-13 15:31:39,429 INFO (InitDataTask.java:37)- 初始化完成～～
2019-11-13 15:31:52,423 DEBUG (BaseJdbcLogger.java:159)- ==>  Preparing: SELECT id,status,create_date,update_date,username,password,nickname,realname,avatar,gender FROM user WHERE username = ? AND password = ? AND status = ? 
2019-11-13 15:31:52,424 DEBUG (BaseJdbcLogger.java:159)- ==> Parameters: admin(String), 21232F297A57A5A743894A0E4A801FC3(String), 1(Integer)
2019-11-13 15:31:52,426 DEBUG (BaseJdbcLogger.java:159)- <==      Total: 1
2019-11-13 15:31:52,428 DEBUG (BaseJdbcLogger.java:159)- ==>  Preparing: SELECT role.* FROM role INNER JOIN user_role on user_role.role_id=role.id and user_role.user_id=? WHERE role.status <> '0' 
2019-11-13 15:31:52,429 DEBUG (BaseJdbcLogger.java:159)- ==> Parameters: 9332162250997760(String)
2019-11-13 15:31:52,430 DEBUG (BaseJdbcLogger.java:159)- <==      Total: 1
2019-11-13 15:32:04,732 INFO (UserPowerCheckAsepct.java:51)- 当前 className:[ UserController ],methodName:[ register ] 访问权限为:[ register ]
2019-11-13 15:32:04,734 DEBUG (BaseJdbcLogger.java:159)- ==>  Preparing: SELECT COUNT( 1 ) FROM user WHERE username = ? AND status = ? 
2019-11-13 15:32:04,735 DEBUG (BaseJdbcLogger.java:159)- ==> Parameters: test(String), 1(Integer)
2019-11-13 15:32:04,737 DEBUG (BaseJdbcLogger.java:159)- <==      Total: 1
2019-11-13 15:32:04,741 DEBUG (BaseJdbcLogger.java:159)- ==>  Preparing: INSERT INTO user ( id, username, password, nickname, realname, avatar ) VALUES ( ?, ?, ?, ?, ?, ? ) 
2019-11-13 15:32:04,742 DEBUG (BaseJdbcLogger.java:159)- ==> Parameters: 9332174031454208(String), test(String), 098F6BCD4621D373CADE4E832627B4F6(String), (String), (String), (String)
2019-11-13 15:32:04,744 DEBUG (BaseJdbcLogger.java:159)- <==    Updates: 1
2019-11-13 15:32:07,259 INFO (UserPowerCheckAsepct.java:51)- 当前 className:[ UserController ],methodName:[ register ] 访问权限为:[ register ]
2019-11-13 15:32:07,261 DEBUG (BaseJdbcLogger.java:159)- ==>  Preparing: SELECT COUNT( 1 ) FROM user WHERE username = ? AND status = ? 
2019-11-13 15:32:07,262 DEBUG (BaseJdbcLogger.java:159)- ==> Parameters: test(String), 1(Integer)
2019-11-13 15:32:07,264 DEBUG (BaseJdbcLogger.java:159)- <==      Total: 1
2019-11-13 15:32:11,901 INFO (UserPowerCheckAsepct.java:51)- 当前 className:[ UserController ],methodName:[ register ] 访问权限为:[ register ]
2019-11-13 15:32:11,903 DEBUG (BaseJdbcLogger.java:159)- ==>  Preparing: SELECT COUNT( 1 ) FROM user WHERE username = ? AND status = ? 
2019-11-13 15:32:11,904 DEBUG (BaseJdbcLogger.java:159)- ==> Parameters: test(String), 1(Integer)
2019-11-13 15:32:11,905 DEBUG (BaseJdbcLogger.java:159)- <==      Total: 1
